<?xml version="1.0" encoding="UTF-8"?>
<testng-results total="3" passed="3" failed="0" skipped="0">
  <reporter-output>
  </reporter-output>
  <suite started-at="2022-06-03T09:38:49Z" name="Suite" finished-at="2022-06-03T09:40:50Z" duration-ms="121278">
    <groups>
    </groups>
    <test started-at="2022-06-03T09:38:49Z" name="Test" finished-at="2022-06-03T09:40:50Z" duration-ms="121278">
      <class name="TestRunner.phpTravels">
        <test-method is-config="true" signature="SuiteStarted()[pri:0, instance:TestRunner.phpTravels@45a4b042]" started-at="2022-06-03T09:38:49Z" name="SuiteStarted" finished-at="2022-06-03T09:38:49Z" duration-ms="28" status="PASS">
        </test-method>
        <test-method is-config="true" signature="LunchBrowser(java.lang.String)[pri:0, instance:TestRunner.phpTravels@45a4b042]" started-at="2022-06-03T09:38:49Z" name="LunchBrowser" finished-at="2022-06-03T09:38:59Z" duration-ms="9935" status="PASS">
          <params>
            <param index="0">
              <value>
                <![CDATA[chrome]]>
              </value>
            </param>
          </params>
        </test-method>
        <test-method signature="signUpTest()[pri:1, instance:TestRunner.phpTravels@45a4b042]" started-at="2022-06-03T09:38:59Z" name="signUpTest" finished-at="2022-06-03T09:40:07Z" duration-ms="68062" status="PASS">
        </test-method>
        <test-method signature="loginTest()[pri:2, instance:TestRunner.phpTravels@45a4b042]" started-at="2022-06-03T09:40:07Z" name="loginTest" finished-at="2022-06-03T09:40:15Z" duration-ms="7626" status="PASS">
        </test-method>
        <test-method signature="pricingBtnDemo()[pri:3, instance:TestRunner.phpTravels@45a4b042]" started-at="2022-06-03T09:40:15Z" name="pricingBtnDemo" finished-at="2022-06-03T09:40:50Z" duration-ms="35112" status="PASS">
        </test-method>
        <test-method is-config="true" signature="SuitedFinished()[pri:0, instance:TestRunner.phpTravels@45a4b042]" started-at="2022-06-03T09:40:51Z" name="SuitedFinished" finished-at="2022-06-03T09:40:51Z" duration-ms="567" status="PASS">
        </test-method>
      </class>
    </test>
  </suite>
</testng-results>
